2024-11-10T22:43:38.321+08:00  INFO 1420 --- [springboot-mvc] [main] c.example.demo.SpringbootMvcApplication  : Starting SpringbootMvcApplication using Java 21.0.4 with PID 1420 (C:\Users\User\Desktop\Practice\Myweb\springboot-mvc\target\classes started by User in C:\Users\User\Desktop\Practice\Myweb\springboot-mvc)
2024-11-10T22:43:38.323+08:00  INFO 1420 --- [springboot-mvc] [main] c.example.demo.SpringbootMvcApplication  : No active profile set, falling back to 1 default profile: "default"
2024-11-10T22:43:38.740+08:00  INFO 1420 --- [springboot-mvc] [main] .s.d.r.c.RepositoryConfigurationDelegate : Bootstrapping Spring Data JDBC repositories in DEFAULT mode.
2024-11-10T22:43:38.753+08:00  INFO 1420 --- [springboot-mvc] [main] .s.d.r.c.RepositoryConfigurationDelegate : Finished Spring Data repository scanning in 10 ms. Found 0 JDBC repository interfaces.
2024-11-10T22:43:39.083+08:00  INFO 1420 --- [springboot-mvc] [main] o.s.b.w.embedded.tomcat.TomcatWebServer  : Tomcat initialized with port 8080 (http)
2024-11-10T22:43:39.097+08:00  INFO 1420 --- [springboot-mvc] [main] o.apache.catalina.core.StandardService   : Starting service [Tomcat]
2024-11-10T22:43:39.097+08:00  INFO 1420 --- [springboot-mvc] [main] o.apache.catalina.core.StandardEngine    : Starting Servlet engine: [Apache Tomcat/10.1.31]
2024-11-10T22:43:39.228+08:00  INFO 1420 --- [springboot-mvc] [main] org.apache.jasper.servlet.TldScanner     : At least one JAR was scanned for TLDs yet contained no TLDs. Enable debug logging for this logger for a complete list of JARs that were scanned but no TLDs were found in them. Skipping unneeded JARs during scanning can improve startup time and JSP compilation time.
2024-11-10T22:43:39.233+08:00  INFO 1420 --- [springboot-mvc] [main] o.a.c.c.C.[Tomcat].[localhost].[/]       : Initializing Spring embedded WebApplicationContext
2024-11-10T22:43:39.233+08:00  INFO 1420 --- [springboot-mvc] [main] w.s.c.ServletWebServerApplicationContext : Root WebApplicationContext: initialization completed in 883 ms
2024-11-10T22:43:39.310+08:00  INFO 1420 --- [springboot-mvc] [main] o.s.b.a.w.s.WelcomePageHandlerMapping    : Adding welcome page: class path resource [static/index.html]
2024-11-10T22:43:39.526+08:00  INFO 1420 --- [springboot-mvc] [main] com.zaxxer.hikari.HikariDataSource       : HikariPool-1 - Starting...
2024-11-10T22:43:39.628+08:00  INFO 1420 --- [springboot-mvc] [main] com.zaxxer.hikari.pool.HikariPool        : HikariPool-1 - Added connection com.mysql.cj.jdbc.ConnectionImpl@3b4ef59f
2024-11-10T22:43:39.629+08:00  INFO 1420 --- [springboot-mvc] [main] com.zaxxer.hikari.HikariDataSource       : HikariPool-1 - Start completed.
2024-11-10T22:43:39.784+08:00  INFO 1420 --- [springboot-mvc] [main] o.s.b.w.embedded.tomcat.TomcatWebServer  : Tomcat started on port 8080 (http) with context path '/'
2024-11-10T22:43:39.790+08:00  INFO 1420 --- [springboot-mvc] [main] c.example.demo.SpringbootMvcApplication  : Started SpringbootMvcApplication in 1.719 seconds (process running for 2.101)
2024-11-10T22:44:02.723+08:00  INFO 1420 --- [springboot-mvc] [http-nio-8080-exec-2] o.a.c.c.C.[Tomcat].[localhost].[/]       : Initializing Spring DispatcherServlet 'dispatcherServlet'
2024-11-10T22:44:02.724+08:00  INFO 1420 --- [springboot-mvc] [http-nio-8080-exec-2] o.s.web.servlet.DispatcherServlet        : Initializing Servlet 'dispatcherServlet'
2024-11-10T22:44:02.724+08:00  INFO 1420 --- [springboot-mvc] [http-nio-8080-exec-2] o.s.web.servlet.DispatcherServlet        : Completed initialization in 0 ms
2024-11-10T22:45:01.152+08:00  INFO 1420 --- [springboot-mvc] [RMI TCP Connection(10)-127.0.0.1] inMXBeanRegistrar$SpringApplicationAdmin : Application shutdown requested.
2024-11-10T22:45:01.156+08:00  INFO 1420 --- [springboot-mvc] [RMI TCP Connection(10)-127.0.0.1] com.zaxxer.hikari.HikariDataSource       : HikariPool-1 - Shutdown initiated...
2024-11-10T22:45:01.160+08:00  INFO 1420 --- [springboot-mvc] [RMI TCP Connection(10)-127.0.0.1] com.zaxxer.hikari.HikariDataSource       : HikariPool-1 - Shutdown completed.
